<?xml version="1.0" encoding="UTF-8"?>
<!-- Generated by org.testng.reporters.JUnitReportReporter -->
<testsuite hostname="Surajit" failures="0" tests="2" name="cucumber.TestNGTestRunner" time="10.553" errors="0" timestamp="2024-04-15T21:25:00 IST" skipped="0">
  <testcase classname="cucumber.TestNGTestRunner" name="runScenario" time="3.765"/>
  <testcase classname="cucumber.TestNGTestRunner" name="runScenario" time="6.788"/>
</testsuite> <!-- cucumber.TestNGTestRunner -->
