<?xml version="1.0" encoding="UTF-8"?>
<!-- Generated by org.testng.reporters.JUnitReportReporter -->
<testsuite hostname="Surajit" failures="0" tests="4" name="shippo.webapptest.EndToEndTest" time="6.841" errors="0" timestamp="2024-04-15T20:21:15 IST" skipped="0">
  <testcase classname="shippo.webapptest.EndToEndTest" name="verify_valid_login" time="2.870"/>
  <testcase classname="shippo.webapptest.EndToEndTest" name="verify_the_checkout_page" time="0.438"/>
  <testcase classname="shippo.webapptest.EndToEndTest" name="verify_adding_zaraCoat3_in_cart" time="0.422"/>
  <testcase classname="shippo.webapptest.EndToEndTest" name="verify_order_visible_in_cart" time="3.111"/>
</testsuite> <!-- shippo.webapptest.EndToEndTest -->
