<?xml version="1.0" encoding="UTF-8"?>
<!-- Generated by org.testng.reporters.JUnitReportReporter -->
<testsuite hostname="Surajit" failures="0" tests="4" name="shippo.webapptest.Logintest" time="14.208" errors="0" timestamp="2024-03-22T23:09:11 IST" skipped="0">
  <testcase classname="shippo.webapptest.Logintest" name="verify_valid_login" time="10.184"/>
  <testcase classname="shippo.webapptest.Logintest" name="verify_order_visible_in_cart" time="2.996"/>
  <testcase classname="shippo.webapptest.Logintest" name="verify_the_checkout_page" time="0.596"/>
  <testcase classname="shippo.webapptest.Logintest" name="verify_adding_zaraCoat3_in_cart" time="0.432"/>
</testsuite> <!-- shippo.webapptest.Logintest -->
