<?xml version="1.0" encoding="UTF-8"?>
<!-- Generated by org.testng.reporters.JUnitReportReporter -->
<testsuite hostname="Surajit" failures="0" tests="1" name="shippo.webapptest.Windowhandle" time="4.943" errors="0" timestamp="2024-04-09T21:57:11 IST" skipped="0">
  <testcase classname="shippo.webapptest.Windowhandle" name="windowhandle" time="4.943"/>
</testsuite> <!-- shippo.webapptest.Windowhandle -->
